{"C:\\Users\\max\\Desktop\\GA\\StudentApp-FullStack\\frontend\\src\\App.js": {"path":"C:\\Users\\max\\Desktop\\GA\\StudentApp-FullStack\\frontend\\src\\App.js","statementMap":{"0":{"start":{"line":10,"column":12},"end":{"line":56,"column":1}},"1":{"start":{"line":11,"column":46},"end":{"line":11,"column":58}},"2":{"start":{"line":12,"column":32},"end":{"line":12,"column":47}},"3":{"start":{"line":13,"column":2},"end":{"line":55,"column":4}}},"fnMap":{"0":{"name":"(anonymous_0)","decl":{"start":{"line":10,"column":12},"end":{"line":10,"column":13}},"loc":{"start":{"line":10,"column":18},"end":{"line":56,"column":1}},"line":10}},"branchMap":{},"s":{"0":1,"1":1,"2":1,"3":1},"f":{"0":1},"b":{},"_coverageSchema":"1a1c01bbd47fc00a2c39e90264f33305004495a9","hash":"6d08ce578edffb8e4b0d289b37f066d6f9546e71"}
,"C:\\Users\\max\\Desktop\\GA\\StudentApp-FullStack\\frontend\\src\\helperFunction.js": {"path":"C:\\Users\\max\\Desktop\\GA\\StudentApp-FullStack\\frontend\\src\\helperFunction.js","statementMap":{"0":{"start":{"line":1,"column":29},"end":{"line":12,"column":3}},"1":{"start":{"line":2,"column":4},"end":{"line":11,"column":7}},"2":{"start":{"line":3,"column":6},"end":{"line":10,"column":7}},"3":{"start":{"line":4,"column":8},"end":{"line":9,"column":22}},"4":{"start":{"line":9,"column":10},"end":{"line":9,"column":22}},"5":{"start":{"line":14,"column":32},"end":{"line":20,"column":3}},"6":{"start":{"line":15,"column":4},"end":{"line":19,"column":5}},"7":{"start":{"line":16,"column":6},"end":{"line":16,"column":18}},"8":{"start":{"line":18,"column":6},"end":{"line":18,"column":19}},"9":{"start":{"line":22,"column":31},"end":{"line":29,"column":3}},"10":{"start":{"line":23,"column":15},"end":{"line":23,"column":60}},"11":{"start":{"line":24,"column":4},"end":{"line":28,"column":5}},"12":{"start":{"line":25,"column":6},"end":{"line":25,"column":18}},"13":{"start":{"line":27,"column":6},"end":{"line":27,"column":19}},"14":{"start":{"line":31,"column":34},"end":{"line":39,"column":3}},"15":{"start":{"line":33,"column":6},"end":{"line":33,"column":115}},"16":{"start":{"line":34,"column":4},"end":{"line":38,"column":5}},"17":{"start":{"line":35,"column":6},"end":{"line":35,"column":18}},"18":{"start":{"line":37,"column":6},"end":{"line":37,"column":19}}},"fnMap":{"0":{"name":"(anonymous_0)","decl":{"start":{"line":1,"column":29},"end":{"line":1,"column":30}},"loc":{"start":{"line":1,"column":57},"end":{"line":12,"column":3}},"line":1},"1":{"name":"(anonymous_1)","decl":{"start":{"line":2,"column":27},"end":{"line":2,"column":28}},"loc":{"start":{"line":2,"column":36},"end":{"line":11,"column":5}},"line":2},"2":{"name":"(anonymous_2)","decl":{"start":{"line":14,"column":32},"end":{"line":14,"column":33}},"loc":{"start":{"line":14,"column":59},"end":{"line":20,"column":3}},"line":14},"3":{"name":"(anonymous_3)","decl":{"start":{"line":22,"column":31},"end":{"line":22,"column":32}},"loc":{"start":{"line":22,"column":42},"end":{"line":29,"column":3}},"line":22},"4":{"name":"(anonymous_4)","decl":{"start":{"line":31,"column":34},"end":{"line":31,"column":35}},"loc":{"start":{"line":31,"column":48},"end":{"line":39,"column":3}},"line":31}},"branchMap":{"0":{"loc":{"start":{"line":4,"column":8},"end":{"line":9,"column":22}},"type":"if","locations":[{"start":{"line":4,"column":8},"end":{"line":9,"column":22}},{"start":{},"end":{}}],"line":4},"1":{"loc":{"start":{"line":15,"column":4},"end":{"line":19,"column":5}},"type":"if","locations":[{"start":{"line":15,"column":4},"end":{"line":19,"column":5}},{"start":{"line":17,"column":11},"end":{"line":19,"column":5}}],"line":15},"2":{"loc":{"start":{"line":15,"column":8},"end":{"line":15,"column":62}},"type":"binary-expr","locations":[{"start":{"line":15,"column":8},"end":{"line":15,"column":33}},{"start":{"line":15,"column":37},"end":{"line":15,"column":62}}],"line":15},"3":{"loc":{"start":{"line":24,"column":4},"end":{"line":28,"column":5}},"type":"if","locations":[{"start":{"line":24,"column":4},"end":{"line":28,"column":5}},{"start":{"line":26,"column":11},"end":{"line":28,"column":5}}],"line":24},"4":{"loc":{"start":{"line":34,"column":4},"end":{"line":38,"column":5}},"type":"if","locations":[{"start":{"line":34,"column":4},"end":{"line":38,"column":5}},{"start":{"line":36,"column":11},"end":{"line":38,"column":5}}],"line":34}},"s":{"0":5,"1":0,"2":0,"3":0,"4":0,"5":5,"6":3,"7":2,"8":1,"9":5,"10":3,"11":3,"12":2,"13":1,"14":5,"15":3,"16":3,"17":2,"18":1},"f":{"0":0,"1":0,"2":3,"3":3,"4":3},"b":{"0":[0,0],"1":[2,1],"2":[3,3],"3":[2,1],"4":[2,1]},"_coverageSchema":"1a1c01bbd47fc00a2c39e90264f33305004495a9","hash":"b1adf5cc15529a54f421938da516d58658dd3220"}
,"C:\\Users\\max\\Desktop\\GA\\StudentApp-FullStack\\frontend\\src\\index.js": {"path":"C:\\Users\\max\\Desktop\\GA\\StudentApp-FullStack\\frontend\\src\\index.js","statementMap":{"0":{"start":{"line":7,"column":0},"end":{"line":12,"column":2}},"1":{"start":{"line":17,"column":0},"end":{"line":17,"column":18}}},"fnMap":{},"branchMap":{},"s":{"0":0,"1":0},"f":{},"b":{}}
,"C:\\Users\\max\\Desktop\\GA\\StudentApp-FullStack\\frontend\\src\\reportWebVitals.js": {"path":"C:\\Users\\max\\Desktop\\GA\\StudentApp-FullStack\\frontend\\src\\reportWebVitals.js","statementMap":{"0":{"start":{"line":1,"column":24},"end":{"line":11,"column":1}},"1":{"start":{"line":2,"column":2},"end":{"line":10,"column":3}},"2":{"start":{"line":3,"column":4},"end":{"line":9,"column":7}},"3":{"start":{"line":4,"column":6},"end":{"line":4,"column":26}},"4":{"start":{"line":5,"column":6},"end":{"line":5,"column":26}},"5":{"start":{"line":6,"column":6},"end":{"line":6,"column":26}},"6":{"start":{"line":7,"column":6},"end":{"line":7,"column":26}},"7":{"start":{"line":8,"column":6},"end":{"line":8,"column":27}}},"fnMap":{"0":{"name":"(anonymous_0)","decl":{"start":{"line":1,"column":24},"end":{"line":1,"column":25}},"loc":{"start":{"line":1,"column":39},"end":{"line":11,"column":1}},"line":1},"1":{"name":"(anonymous_1)","decl":{"start":{"line":3,"column":30},"end":{"line":3,"column":31}},"loc":{"start":{"line":3,"column":79},"end":{"line":9,"column":5}},"line":3}},"branchMap":{"0":{"loc":{"start":{"line":2,"column":2},"end":{"line":10,"column":3}},"type":"if","locations":[{"start":{"line":2,"column":2},"end":{"line":10,"column":3}},{"start":{},"end":{}}],"line":2},"1":{"loc":{"start":{"line":2,"column":6},"end":{"line":2,"column":52}},"type":"binary-expr","locations":[{"start":{"line":2,"column":6},"end":{"line":2,"column":17}},{"start":{"line":2,"column":21},"end":{"line":2,"column":52}}],"line":2}},"s":{"0":0,"1":0,"2":0,"3":0,"4":0,"5":0,"6":0,"7":0},"f":{"0":0,"1":0},"b":{"0":[0,0],"1":[0,0]}}
,"C:\\Users\\max\\Desktop\\GA\\StudentApp-FullStack\\frontend\\src\\components\\AddStudent.js": {"path":"C:\\Users\\max\\Desktop\\GA\\StudentApp-FullStack\\frontend\\src\\components\\AddStudent.js","statementMap":{"0":{"start":{"line":3,"column":19},"end":{"line":19,"column":1}},"1":{"start":{"line":4,"column":2},"end":{"line":18,"column":4}},"2":{"start":{"line":12,"column":10},"end":{"line":12,"column":33}}},"fnMap":{"0":{"name":"(anonymous_0)","decl":{"start":{"line":3,"column":19},"end":{"line":3,"column":20}},"loc":{"start":{"line":3,"column":44},"end":{"line":19,"column":1}},"line":3},"1":{"name":"(anonymous_1)","decl":{"start":{"line":11,"column":17},"end":{"line":11,"column":18}},"loc":{"start":{"line":11,"column":23},"end":{"line":13,"column":9}},"line":11}},"branchMap":{},"s":{"0":3,"1":1,"2":0},"f":{"0":1,"1":0},"b":{},"_coverageSchema":"1a1c01bbd47fc00a2c39e90264f33305004495a9","hash":"bf71a5e0f98e6b537d3cb4f9f2b7d5ba35ba91f4"}
,"C:\\Users\\max\\Desktop\\GA\\StudentApp-FullStack\\frontend\\src\\components\\Login.js": {"path":"C:\\Users\\max\\Desktop\\GA\\StudentApp-FullStack\\frontend\\src\\components\\Login.js","statementMap":{"0":{"start":{"line":6,"column":14},"end":{"line":105,"column":1}},"1":{"start":{"line":7,"column":17},"end":{"line":7,"column":30}},"2":{"start":{"line":8,"column":2},"end":{"line":12,"column":16}},"3":{"start":{"line":10,"column":6},"end":{"line":10,"column":66}},"4":{"start":{"line":13,"column":42},"end":{"line":13,"column":57}},"5":{"start":{"line":14,"column":34},"end":{"line":14,"column":46}},"6":{"start":{"line":15,"column":40},"end":{"line":15,"column":52}},"7":{"start":{"line":17,"column":23},"end":{"line":23,"column":3}},"8":{"start":{"line":18,"column":4},"end":{"line":22,"column":5}},"9":{"start":{"line":19,"column":6},"end":{"line":19,"column":25}},"10":{"start":{"line":21,"column":6},"end":{"line":21,"column":28}},"11":{"start":{"line":24,"column":25},"end":{"line":26,"column":3}},"12":{"start":{"line":25,"column":4},"end":{"line":25,"column":35}},"13":{"start":{"line":28,"column":2},"end":{"line":104,"column":4}},"14":{"start":{"line":47,"column":12},"end":{"line":47,"column":40}},"15":{"start":{"line":69,"column":14},"end":{"line":69,"column":55}},"16":{"start":{"line":97,"column":12},"end":{"line":97,"column":29}}},"fnMap":{"0":{"name":"(anonymous_0)","decl":{"start":{"line":6,"column":14},"end":{"line":6,"column":15}},"loc":{"start":{"line":6,"column":43},"end":{"line":105,"column":1}},"line":6},"1":{"name":"(anonymous_1)","decl":{"start":{"line":8,"column":12},"end":{"line":8,"column":13}},"loc":{"start":{"line":8,"column":18},"end":{"line":12,"column":3}},"line":8},"2":{"name":"(anonymous_2)","decl":{"start":{"line":17,"column":23},"end":{"line":17,"column":24}},"loc":{"start":{"line":17,"column":40},"end":{"line":23,"column":3}},"line":17},"3":{"name":"(anonymous_3)","decl":{"start":{"line":24,"column":25},"end":{"line":24,"column":26}},"loc":{"start":{"line":24,"column":31},"end":{"line":26,"column":3}},"line":24},"4":{"name":"(anonymous_4)","decl":{"start":{"line":46,"column":20},"end":{"line":46,"column":21}},"loc":{"start":{"line":46,"column":27},"end":{"line":48,"column":11}},"line":46},"5":{"name":"(anonymous_5)","decl":{"start":{"line":68,"column":22},"end":{"line":68,"column":23}},"loc":{"start":{"line":68,"column":29},"end":{"line":70,"column":13}},"line":68},"6":{"name":"(anonymous_6)","decl":{"start":{"line":96,"column":19},"end":{"line":96,"column":20}},"loc":{"start":{"line":96,"column":25},"end":{"line":98,"column":11}},"line":96}},"branchMap":{"0":{"loc":{"start":{"line":10,"column":6},"end":{"line":10,"column":65}},"type":"cond-expr","locations":[{"start":{"line":10,"column":25},"end":{"line":10,"column":45}},{"start":{"line":10,"column":47},"end":{"line":10,"column":65}}],"line":10},"1":{"loc":{"start":{"line":18,"column":4},"end":{"line":22,"column":5}},"type":"if","locations":[{"start":{"line":18,"column":4},"end":{"line":22,"column":5}},{"start":{"line":20,"column":11},"end":{"line":22,"column":5}}],"line":18},"2":{"loc":{"start":{"line":51,"column":11},"end":{"line":55,"column":16}},"type":"cond-expr","locations":[{"start":{"line":52,"column":14},"end":{"line":54,"column":59}},{"start":{"line":55,"column":14},"end":{"line":55,"column":16}}],"line":51},"3":{"loc":{"start":{"line":52,"column":14},"end":{"line":54,"column":59}},"type":"cond-expr","locations":[{"start":{"line":53,"column":16},"end":{"line":53,"column":18}},{"start":{"line":54,"column":16},"end":{"line":54,"column":59}}],"line":52},"4":{"loc":{"start":{"line":64,"column":18},"end":{"line":64,"column":52}},"type":"cond-expr","locations":[{"start":{"line":64,"column":33},"end":{"line":64,"column":39}},{"start":{"line":64,"column":42},"end":{"line":64,"column":52}}],"line":64},"5":{"loc":{"start":{"line":74,"column":14},"end":{"line":74,"column":60}},"type":"cond-expr","locations":[{"start":{"line":74,"column":29},"end":{"line":74,"column":46}},{"start":{"line":74,"column":49},"end":{"line":74,"column":60}}],"line":74},"6":{"loc":{"start":{"line":81,"column":11},"end":{"line":85,"column":16}},"type":"cond-expr","locations":[{"start":{"line":82,"column":14},"end":{"line":84,"column":185}},{"start":{"line":85,"column":14},"end":{"line":85,"column":16}}],"line":81},"7":{"loc":{"start":{"line":82,"column":14},"end":{"line":84,"column":185}},"type":"cond-expr","locations":[{"start":{"line":83,"column":16},"end":{"line":83,"column":18}},{"start":{"line":84,"column":16},"end":{"line":84,"column":185}}],"line":82},"8":{"loc":{"start":{"line":91,"column":12},"end":{"line":93,"column":42}},"type":"cond-expr","locations":[{"start":{"line":92,"column":16},"end":{"line":92,"column":42}},{"start":{"line":93,"column":16},"end":{"line":93,"column":42}}],"line":91},"9":{"loc":{"start":{"line":91,"column":12},"end":{"line":91,"column":68}},"type":"binary-expr","locations":[{"start":{"line":91,"column":12},"end":{"line":91,"column":41}},{"start":{"line":91,"column":45},"end":{"line":91,"column":68}}],"line":91}},"s":{"0":2,"1":0,"2":0,"3":0,"4":0,"5":0,"6":0,"7":0,"8":0,"9":0,"10":0,"11":0,"12":0,"13":0,"14":0,"15":0,"16":0},"f":{"0":0,"1":0,"2":0,"3":0,"4":0,"5":0,"6":0},"b":{"0":[0,0],"1":[0,0],"2":[0,0],"3":[0,0],"4":[0,0],"5":[0,0],"6":[0,0],"7":[0,0],"8":[0,0],"9":[0,0]},"_coverageSchema":"1a1c01bbd47fc00a2c39e90264f33305004495a9","hash":"c6cf2dbdfc969501e5b978b333f442be423779f4"}
,"C:\\Users\\max\\Desktop\\GA\\StudentApp-FullStack\\frontend\\src\\components\\Modal.js": {"path":"C:\\Users\\max\\Desktop\\GA\\StudentApp-FullStack\\frontend\\src\\components\\Modal.js","statementMap":{"0":{"start":{"line":3,"column":14},"end":{"line":107,"column":1}},"1":{"start":{"line":13,"column":2},"end":{"line":106,"column":4}},"2":{"start":{"line":39,"column":16},"end":{"line":82,"column":22}},"3":{"start":{"line":71,"column":26},"end":{"line":73,"column":45}}},"fnMap":{"0":{"name":"(anonymous_0)","decl":{"start":{"line":3,"column":14},"end":{"line":3,"column":15}},"loc":{"start":{"line":12,"column":6},"end":{"line":107,"column":1}},"line":12},"1":{"name":"(anonymous_1)","decl":{"start":{"line":38,"column":28},"end":{"line":38,"column":29}},"loc":{"start":{"line":39,"column":16},"end":{"line":82,"column":22}},"line":39},"2":{"name":"(anonymous_2)","decl":{"start":{"line":70,"column":34},"end":{"line":70,"column":35}},"loc":{"start":{"line":70,"column":41},"end":{"line":74,"column":25}},"line":70}},"branchMap":{"0":{"loc":{"start":{"line":28,"column":17},"end":{"line":28,"column":70}},"type":"cond-expr","locations":[{"start":{"line":28,"column":40},"end":{"line":28,"column":54}},{"start":{"line":28,"column":57},"end":{"line":28,"column":70}}],"line":28},"1":{"loc":{"start":{"line":44,"column":21},"end":{"line":48,"column":31}},"type":"cond-expr","locations":[{"start":{"line":45,"column":24},"end":{"line":47,"column":28}},{"start":{"line":48,"column":24},"end":{"line":48,"column":31}}],"line":44},"2":{"loc":{"start":{"line":45,"column":24},"end":{"line":47,"column":28}},"type":"cond-expr","locations":[{"start":{"line":46,"column":26},"end":{"line":46,"column":30}},{"start":{"line":47,"column":26},"end":{"line":47,"column":28}}],"line":45},"3":{"loc":{"start":{"line":51,"column":21},"end":{"line":80,"column":21}},"type":"cond-expr","locations":[{"start":{"line":52,"column":22},"end":{"line":75,"column":24}},{"start":{"line":76,"column":24},"end":{"line":80,"column":21}}],"line":51},"4":{"loc":{"start":{"line":55,"column":26},"end":{"line":61,"column":36}},"type":"cond-expr","locations":[{"start":{"line":56,"column":30},"end":{"line":56,"column":36}},{"start":{"line":57,"column":30},"end":{"line":61,"column":36}}],"line":55},"5":{"loc":{"start":{"line":57,"column":30},"end":{"line":61,"column":36}},"type":"cond-expr","locations":[{"start":{"line":58,"column":30},"end":{"line":58,"column":37}},{"start":{"line":59,"column":30},"end":{"line":61,"column":36}}],"line":57},"6":{"loc":{"start":{"line":59,"column":30},"end":{"line":61,"column":36}},"type":"cond-expr","locations":[{"start":{"line":60,"column":30},"end":{"line":60,"column":38}},{"start":{"line":61,"column":30},"end":{"line":61,"column":36}}],"line":59},"7":{"loc":{"start":{"line":66,"column":26},"end":{"line":68,"column":49}},"type":"cond-expr","locations":[{"start":{"line":67,"column":30},"end":{"line":67,"column":50}},{"start":{"line":68,"column":30},"end":{"line":68,"column":49}}],"line":66},"8":{"loc":{"start":{"line":71,"column":26},"end":{"line":73,"column":44}},"type":"cond-expr","locations":[{"start":{"line":72,"column":30},"end":{"line":72,"column":45}},{"start":{"line":73,"column":30},"end":{"line":73,"column":44}}],"line":71},"9":{"loc":{"start":{"line":76,"column":24},"end":{"line":80,"column":21}},"type":"cond-expr","locations":[{"start":{"line":77,"column":22},"end":{"line":77,"column":42}},{"start":{"line":79,"column":22},"end":{"line":79,"column":41}}],"line":76},"10":{"loc":{"start":{"line":97,"column":25},"end":{"line":97,"column":78}},"type":"cond-expr","locations":[{"start":{"line":97,"column":48},"end":{"line":97,"column":62}},{"start":{"line":97,"column":65},"end":{"line":97,"column":78}}],"line":97},"11":{"loc":{"start":{"line":99,"column":17},"end":{"line":99,"column":56}},"type":"cond-expr","locations":[{"start":{"line":99,"column":40},"end":{"line":99,"column":48}},{"start":{"line":99,"column":51},"end":{"line":99,"column":56}}],"line":99}},"s":{"0":3,"1":0,"2":0,"3":0},"f":{"0":0,"1":0,"2":0},"b":{"0":[0,0],"1":[0,0],"2":[0,0],"3":[0,0],"4":[0,0],"5":[0,0],"6":[0,0],"7":[0,0],"8":[0,0],"9":[0,0],"10":[0,0],"11":[0,0]},"_coverageSchema":"1a1c01bbd47fc00a2c39e90264f33305004495a9","hash":"e355f20c0f1edb84346cb5a4d987a09b4eb8ae40"}
,"C:\\Users\\max\\Desktop\\GA\\StudentApp-FullStack\\frontend\\src\\components\\Navbar.js": {"path":"C:\\Users\\max\\Desktop\\GA\\StudentApp-FullStack\\frontend\\src\\components\\Navbar.js","statementMap":{"0":{"start":{"line":4,"column":15},"end":{"line":35,"column":1}},"1":{"start":{"line":5,"column":2},"end":{"line":34,"column":4}},"2":{"start":{"line":20,"column":18},"end":{"line":20,"column":36}}},"fnMap":{"0":{"name":"(anonymous_0)","decl":{"start":{"line":4,"column":15},"end":{"line":4,"column":16}},"loc":{"start":{"line":4,"column":44},"end":{"line":35,"column":1}},"line":4},"1":{"name":"(anonymous_1)","decl":{"start":{"line":19,"column":25},"end":{"line":19,"column":26}},"loc":{"start":{"line":19,"column":31},"end":{"line":21,"column":17}},"line":19}},"branchMap":{"0":{"loc":{"start":{"line":15,"column":13},"end":{"line":29,"column":13}},"type":"cond-expr","locations":[{"start":{"line":16,"column":14},"end":{"line":24,"column":21}},{"start":{"line":26,"column":14},"end":{"line":28,"column":21}}],"line":15}},"s":{"0":2,"1":2,"2":0},"f":{"0":2,"1":0},"b":{"0":[0,2]},"_coverageSchema":"1a1c01bbd47fc00a2c39e90264f33305004495a9","hash":"3fab187751f9028d9655b5b143871455589460bd"}
,"C:\\Users\\max\\Desktop\\GA\\StudentApp-FullStack\\frontend\\src\\components\\Profile.js": {"path":"C:\\Users\\max\\Desktop\\GA\\StudentApp-FullStack\\frontend\\src\\components\\Profile.js","statementMap":{"0":{"start":{"line":3,"column":16},"end":{"line":74,"column":1}},"1":{"start":{"line":4,"column":2},"end":{"line":73,"column":4}}},"fnMap":{"0":{"name":"(anonymous_0)","decl":{"start":{"line":3,"column":16},"end":{"line":3,"column":17}},"loc":{"start":{"line":3,"column":37},"end":{"line":74,"column":1}},"line":3}},"branchMap":{},"s":{"0":2,"1":0},"f":{"0":0},"b":{},"_coverageSchema":"1a1c01bbd47fc00a2c39e90264f33305004495a9","hash":"268160296439b458ff6c5fc0348dd0f749b2e65e"}
,"C:\\Users\\max\\Desktop\\GA\\StudentApp-FullStack\\frontend\\src\\components\\Student.js": {"path":"C:\\Users\\max\\Desktop\\GA\\StudentApp-FullStack\\frontend\\src\\components\\Student.js","statementMap":{"0":{"start":{"line":8,"column":14},"end":{"line":8,"column":38}},"1":{"start":{"line":11,"column":17},"end":{"line":18,"column":1}},"2":{"start":{"line":20,"column":16},"end":{"line":186,"column":1}},"3":{"start":{"line":21,"column":17},"end":{"line":21,"column":30}},"4":{"start":{"line":22,"column":2},"end":{"line":26,"column":16}},"5":{"start":{"line":24,"column":6},"end":{"line":24,"column":45}},"6":{"start":{"line":28,"column":25},"end":{"line":28,"column":27}},"7":{"start":{"line":29,"column":34},"end":{"line":29,"column":58}},"8":{"start":{"line":30,"column":36},"end":{"line":30,"column":48}},"9":{"start":{"line":31,"column":44},"end":{"line":31,"column":62}},"10":{"start":{"line":32,"column":40},"end":{"line":40,"column":4}},"11":{"start":{"line":42,"column":42},"end":{"line":50,"column":4}},"12":{"start":{"line":52,"column":21},"end":{"line":57,"column":3}},"13":{"start":{"line":53,"column":4},"end":{"line":53,"column":23}},"14":{"start":{"line":54,"column":4},"end":{"line":54,"column":25}},"15":{"start":{"line":55,"column":23},"end":{"line":55,"column":30}},"16":{"start":{"line":56,"column":4},"end":{"line":56,"column":32}},"17":{"start":{"line":59,"column":31},"end":{"line":68,"column":3}},"18":{"start":{"line":60,"column":4},"end":{"line":60,"column":23}},"19":{"start":{"line":61,"column":22},"end":{"line":61,"column":35}},"20":{"start":{"line":62,"column":4},"end":{"line":62,"column":27}},"21":{"start":{"line":63,"column":23},"end":{"line":63,"column":37}},"22":{"start":{"line":64,"column":4},"end":{"line":64,"column":28}},"23":{"start":{"line":65,"column":24},"end":{"line":65,"column":43}},"24":{"start":{"line":66,"column":4},"end":{"line":66,"column":40}},"25":{"start":{"line":67,"column":4},"end":{"line":67,"column":33}},"26":{"start":{"line":70,"column":31},"end":{"line":91,"column":3}},"27":{"start":{"line":71,"column":4},"end":{"line":71,"column":23}},"28":{"start":{"line":72,"column":26},"end":{"line":80,"column":5}},"29":{"start":{"line":82,"column":24},"end":{"line":82,"column":37}},"30":{"start":{"line":84,"column":18},"end":{"line":86,"column":5}},"31":{"start":{"line":85,"column":19},"end":{"line":85,"column":49}},"32":{"start":{"line":88,"column":4},"end":{"line":88,"column":39}},"33":{"start":{"line":90,"column":4},"end":{"line":90,"column":29}},"34":{"start":{"line":93,"column":23},"end":{"line":99,"column":3}},"35":{"start":{"line":94,"column":4},"end":{"line":94,"column":23}},"36":{"start":{"line":95,"column":24},"end":{"line":95,"column":37}},"37":{"start":{"line":96,"column":18},"end":{"line":96,"column":73}},"38":{"start":{"line":96,"column":50},"end":{"line":96,"column":72}},"39":{"start":{"line":97,"column":4},"end":{"line":97,"column":33}},"40":{"start":{"line":98,"column":4},"end":{"line":98,"column":29}},"41":{"start":{"line":100,"column":30},"end":{"line":107,"column":3}},"42":{"start":{"line":101,"column":4},"end":{"line":101,"column":23}},"43":{"start":{"line":102,"column":22},"end":{"line":102,"column":35}},"44":{"start":{"line":103,"column":23},"end":{"line":103,"column":37}},"45":{"start":{"line":104,"column":24},"end":{"line":104,"column":42}},"46":{"start":{"line":105,"column":4},"end":{"line":105,"column":40}},"47":{"start":{"line":106,"column":4},"end":{"line":106,"column":32}},"48":{"start":{"line":109,"column":30},"end":{"line":122,"column":3}},"49":{"start":{"line":110,"column":4},"end":{"line":110,"column":23}},"50":{"start":{"line":111,"column":23},"end":{"line":119,"column":5}},"51":{"start":{"line":120,"column":24},"end":{"line":120,"column":49}},"52":{"start":{"line":121,"column":4},"end":{"line":121,"column":29}},"53":{"start":{"line":125,"column":2},"end":{"line":185,"column":4}},"54":{"start":{"line":144,"column":12},"end":{"line":147,"column":13}},"55":{"start":{"line":145,"column":12},"end":{"line":145,"column":34}},"56":{"start":{"line":146,"column":12},"end":{"line":146,"column":29}}},"fnMap":{"0":{"name":"(anonymous_0)","decl":{"start":{"line":20,"column":16},"end":{"line":20,"column":17}},"loc":{"start":{"line":20,"column":58},"end":{"line":186,"column":1}},"line":20},"1":{"name":"(anonymous_1)","decl":{"start":{"line":22,"column":12},"end":{"line":22,"column":13}},"loc":{"start":{"line":22,"column":18},"end":{"line":26,"column":3}},"line":22},"2":{"name":"(anonymous_2)","decl":{"start":{"line":52,"column":21},"end":{"line":52,"column":22}},"loc":{"start":{"line":52,"column":37},"end":{"line":57,"column":3}},"line":52},"3":{"name":"(anonymous_3)","decl":{"start":{"line":59,"column":31},"end":{"line":59,"column":32}},"loc":{"start":{"line":59,"column":38},"end":{"line":68,"column":3}},"line":59},"4":{"name":"(anonymous_4)","decl":{"start":{"line":70,"column":31},"end":{"line":70,"column":32}},"loc":{"start":{"line":70,"column":38},"end":{"line":91,"column":3}},"line":70},"5":{"name":"(anonymous_5)","decl":{"start":{"line":85,"column":6},"end":{"line":85,"column":7}},"loc":{"start":{"line":85,"column":19},"end":{"line":85,"column":49}},"line":85},"6":{"name":"(anonymous_6)","decl":{"start":{"line":93,"column":23},"end":{"line":93,"column":24}},"loc":{"start":{"line":93,"column":36},"end":{"line":99,"column":3}},"line":93},"7":{"name":"(anonymous_7)","decl":{"start":{"line":96,"column":37},"end":{"line":96,"column":38}},"loc":{"start":{"line":96,"column":50},"end":{"line":96,"column":72}},"line":96},"8":{"name":"(anonymous_8)","decl":{"start":{"line":100,"column":30},"end":{"line":100,"column":31}},"loc":{"start":{"line":100,"column":37},"end":{"line":107,"column":3}},"line":100},"9":{"name":"(anonymous_9)","decl":{"start":{"line":109,"column":30},"end":{"line":109,"column":31}},"loc":{"start":{"line":109,"column":37},"end":{"line":122,"column":3}},"line":109},"10":{"name":"(anonymous_10)","decl":{"start":{"line":143,"column":17},"end":{"line":143,"column":18}},"loc":{"start":{"line":143,"column":23},"end":{"line":157,"column":9}},"line":143},"11":{"name":"(anonymous_11)","decl":{"start":{"line":144,"column":64},"end":{"line":144,"column":65}},"loc":{"start":{"line":144,"column":73},"end":{"line":147,"column":11}},"line":144}},"branchMap":{"0":{"loc":{"start":{"line":24,"column":6},"end":{"line":24,"column":44}},"type":"binary-expr","locations":[{"start":{"line":24,"column":6},"end":{"line":24,"column":22}},{"start":{"line":24,"column":26},"end":{"line":24,"column":44}}],"line":24}},"s":{"0":3,"1":3,"2":3,"3":0,"4":0,"5":0,"6":0,"7":0,"8":0,"9":0,"10":0,"11":0,"12":0,"13":0,"14":0,"15":0,"16":0,"17":0,"18":0,"19":0,"20":0,"21":0,"22":0,"23":0,"24":0,"25":0,"26":0,"27":0,"28":0,"29":0,"30":0,"31":0,"32":0,"33":0,"34":0,"35":0,"36":0,"37":0,"38":0,"39":0,"40":0,"41":0,"42":0,"43":0,"44":0,"45":0,"46":0,"47":0,"48":0,"49":0,"50":0,"51":0,"52":0,"53":0,"54":0,"55":0,"56":0},"f":{"0":0,"1":0,"2":0,"3":0,"4":0,"5":0,"6":0,"7":0,"8":0,"9":0,"10":0,"11":0},"b":{"0":[0,0]},"_coverageSchema":"1a1c01bbd47fc00a2c39e90264f33305004495a9","hash":"59ae6df4e1b07c408bed8ddca60dacacd7151770"}
,"C:\\Users\\max\\Desktop\\GA\\StudentApp-FullStack\\frontend\\src\\components\\StudentTable.js": {"path":"C:\\Users\\max\\Desktop\\GA\\StudentApp-FullStack\\frontend\\src\\components\\StudentTable.js","statementMap":{"0":{"start":{"line":9,"column":21},"end":{"line":122,"column":1}},"1":{"start":{"line":24,"column":2},"end":{"line":121,"column":4}},"2":{"start":{"line":57,"column":16},"end":{"line":57,"column":60}},"3":{"start":{"line":71,"column":18},"end":{"line":71,"column":62}},"4":{"start":{"line":79,"column":16},"end":{"line":114,"column":21}},"5":{"start":{"line":81,"column":20},"end":{"line":81,"column":47}},"6":{"start":{"line":88,"column":26},"end":{"line":88,"column":47}},"7":{"start":{"line":101,"column":24},"end":{"line":101,"column":47}},"8":{"start":{"line":109,"column":38},"end":{"line":109,"column":62}}},"fnMap":{"0":{"name":"(anonymous_0)","decl":{"start":{"line":9,"column":21},"end":{"line":9,"column":22}},"loc":{"start":{"line":22,"column":6},"end":{"line":122,"column":1}},"line":22},"1":{"name":"(anonymous_1)","decl":{"start":{"line":56,"column":23},"end":{"line":56,"column":24}},"loc":{"start":{"line":56,"column":29},"end":{"line":58,"column":15}},"line":56},"2":{"name":"(anonymous_2)","decl":{"start":{"line":70,"column":30},"end":{"line":70,"column":31}},"loc":{"start":{"line":71,"column":18},"end":{"line":71,"column":62}},"line":71},"3":{"name":"(anonymous_3)","decl":{"start":{"line":78,"column":39},"end":{"line":78,"column":40}},"loc":{"start":{"line":79,"column":16},"end":{"line":114,"column":21}},"line":79},"4":{"name":"(anonymous_4)","decl":{"start":{"line":80,"column":46},"end":{"line":80,"column":47}},"loc":{"start":{"line":81,"column":20},"end":{"line":81,"column":47}},"line":81},"5":{"name":"(anonymous_5)","decl":{"start":{"line":87,"column":33},"end":{"line":87,"column":34}},"loc":{"start":{"line":87,"column":39},"end":{"line":89,"column":25}},"line":87},"6":{"name":"(anonymous_6)","decl":{"start":{"line":100,"column":31},"end":{"line":100,"column":32}},"loc":{"start":{"line":100,"column":38},"end":{"line":102,"column":23}},"line":100},"7":{"name":"(anonymous_7)","decl":{"start":{"line":109,"column":31},"end":{"line":109,"column":32}},"loc":{"start":{"line":109,"column":38},"end":{"line":109,"column":62}},"line":109}},"branchMap":{"0":{"loc":{"start":{"line":66,"column":9},"end":{"line":118,"column":9}},"type":"binary-expr","locations":[{"start":{"line":66,"column":9},"end":{"line":66,"column":24}},{"start":{"line":67,"column":10},"end":{"line":117,"column":18}}],"line":66}},"s":{"0":3,"1":0,"2":0,"3":0,"4":0,"5":0,"6":0,"7":0,"8":0},"f":{"0":0,"1":0,"2":0,"3":0,"4":0,"5":0,"6":0,"7":0},"b":{"0":[0,0]},"_coverageSchema":"1a1c01bbd47fc00a2c39e90264f33305004495a9","hash":"69a6d45635e9ade28bbba575d3fee75e5330d4f4"}
,"C:\\Users\\max\\Desktop\\GA\\StudentApp-FullStack\\frontend\\src\\components\\TableSearch.js": {"path":"C:\\Users\\max\\Desktop\\GA\\StudentApp-FullStack\\frontend\\src\\components\\TableSearch.js","statementMap":{"0":{"start":{"line":4,"column":20},"end":{"line":22,"column":1}},"1":{"start":{"line":5,"column":19},"end":{"line":9,"column":3}},"2":{"start":{"line":6,"column":25},"end":{"line":6,"column":39}},"3":{"start":{"line":7,"column":17},"end":{"line":7,"column":50}},"4":{"start":{"line":8,"column":4},"end":{"line":8,"column":23}},"5":{"start":{"line":10,"column":2},"end":{"line":12,"column":13}},"6":{"start":{"line":11,"column":4},"end":{"line":11,"column":21}},"7":{"start":{"line":14,"column":2},"end":{"line":21,"column":4}}},"fnMap":{"0":{"name":"(anonymous_0)","decl":{"start":{"line":4,"column":20},"end":{"line":4,"column":21}},"loc":{"start":{"line":4,"column":46},"end":{"line":22,"column":1}},"line":4},"1":{"name":"(anonymous_1)","decl":{"start":{"line":5,"column":19},"end":{"line":5,"column":20}},"loc":{"start":{"line":5,"column":26},"end":{"line":9,"column":3}},"line":5},"2":{"name":"(anonymous_2)","decl":{"start":{"line":10,"column":12},"end":{"line":10,"column":13}},"loc":{"start":{"line":10,"column":18},"end":{"line":12,"column":3}},"line":10}},"branchMap":{},"s":{"0":3,"1":0,"2":0,"3":0,"4":0,"5":0,"6":0,"7":0},"f":{"0":0,"1":0,"2":0},"b":{},"_coverageSchema":"1a1c01bbd47fc00a2c39e90264f33305004495a9","hash":"b46a2967da8402a65779d45a7a7d1045a0eaaa1d"}
}
